2019-04-08 14:40:30,264 INFO 3120 [egg:logger] init all loggers with options: {"dir":"D:\\project\\egg-example\\logs\\egg-example","encoding":"utf8","env":"local","level":"INFO","consoleLevel":"INFO","disableConsoleAfterReady":false,"outputJSON":false,"buffer":true,"appLogName":"egg-example-web.log","coreLogName":"egg-web.log","agentLogName":"egg-agent.log","errorLogName":"common-error.log","coreLogger":{"consoleLevel":"WARN"},"allowDebugAtProd":false,"type":"application"}
2019-04-08 14:40:30,305 INFO 3120 [egg-multipart] stream mode enable
2019-04-08 14:40:30,374 INFO 3120 [egg-static] starting static serve /public/ -> D:\project\egg-example\app\public
2019-04-08 14:40:30,377 INFO 3120 [egg-security] use csrf middleware
2019-04-08 14:40:30,378 INFO 3120 [egg-security] use methodnoallow middleware
2019-04-08 14:40:30,379 INFO 3120 [egg-security] use noopen middleware
2019-04-08 14:40:30,380 INFO 3120 [egg-security] use nosniff middleware
2019-04-08 14:40:30,380 INFO 3120 [egg-security] use xssProtection middleware
2019-04-08 14:40:30,380 INFO 3120 [egg-security] use xframe middleware
2019-04-08 14:40:30,381 INFO 3120 [egg-security] use dta middleware
2019-04-08 14:40:30,381 INFO 3120 [egg-security] compose 7 middlewares into one security middleware
2019-04-08 14:40:30,390 INFO 3120 [egg:core] dump config after load, 5ms
2019-04-08 14:40:30,405 INFO 3120 [egg-watcher:application] watcher start success
2019-04-08 14:40:30,411 INFO 3120 [egg:core] dump config after ready, 4ms
2019-04-08 14:41:50,933 INFO 4656 [egg:logger] init all loggers with options: {"dir":"D:\\project\\egg-example\\logs\\egg-example","encoding":"utf8","env":"local","level":"INFO","consoleLevel":"INFO","disableConsoleAfterReady":false,"outputJSON":false,"buffer":true,"appLogName":"egg-example-web.log","coreLogName":"egg-web.log","agentLogName":"egg-agent.log","errorLogName":"common-error.log","coreLogger":{"consoleLevel":"WARN"},"allowDebugAtProd":false,"type":"application"}
2019-04-08 14:41:50,974 INFO 4656 [egg-multipart] stream mode enable
2019-04-08 14:41:51,041 INFO 4656 [egg-static] starting static serve /public/ -> D:\project\egg-example\app\public
2019-04-08 14:41:51,044 INFO 4656 [egg-security] use csrf middleware
2019-04-08 14:41:51,045 INFO 4656 [egg-security] use methodnoallow middleware
2019-04-08 14:41:51,045 INFO 4656 [egg-security] use noopen middleware
2019-04-08 14:41:51,046 INFO 4656 [egg-security] use nosniff middleware
2019-04-08 14:41:51,047 INFO 4656 [egg-security] use xssProtection middleware
2019-04-08 14:41:51,047 INFO 4656 [egg-security] use xframe middleware
2019-04-08 14:41:51,047 INFO 4656 [egg-security] use dta middleware
2019-04-08 14:41:51,047 INFO 4656 [egg-security] compose 7 middlewares into one security middleware
2019-04-08 14:41:51,057 INFO 4656 [egg:core] dump config after load, 5ms
2019-04-08 14:41:51,068 INFO 4656 [egg-watcher:application] watcher start success
2019-04-08 14:41:51,074 INFO 4656 [egg:core] dump config after ready, 4ms
2019-04-08 15:19:12,425 INFO 5224 [egg:logger] init all loggers with options: {"dir":"D:\\project\\egg-example\\logs\\egg-example","encoding":"utf8","env":"local","level":"INFO","consoleLevel":"INFO","disableConsoleAfterReady":false,"outputJSON":false,"buffer":true,"appLogName":"egg-example-web.log","coreLogName":"egg-web.log","agentLogName":"egg-agent.log","errorLogName":"common-error.log","coreLogger":{"consoleLevel":"WARN"},"allowDebugAtProd":false,"type":"application"}
2019-04-08 15:19:12,467 INFO 5224 [egg-multipart] stream mode enable
2019-04-08 15:19:12,535 INFO 5224 [egg-static] starting static serve /public/ -> D:\project\egg-example\app\public
2019-04-08 15:19:12,538 INFO 5224 [egg-security] use csrf middleware
2019-04-08 15:19:12,539 INFO 5224 [egg-security] use methodnoallow middleware
2019-04-08 15:19:12,539 INFO 5224 [egg-security] use noopen middleware
2019-04-08 15:19:12,540 INFO 5224 [egg-security] use nosniff middleware
2019-04-08 15:19:12,540 INFO 5224 [egg-security] use xssProtection middleware
2019-04-08 15:19:12,541 INFO 5224 [egg-security] use xframe middleware
2019-04-08 15:19:12,541 INFO 5224 [egg-security] use dta middleware
2019-04-08 15:19:12,541 INFO 5224 [egg-security] compose 7 middlewares into one security middleware
2019-04-08 15:19:12,550 INFO 5224 [egg:core] dump config after load, 5ms
2019-04-08 15:19:12,561 INFO 5224 [egg-watcher:application] watcher start success
2019-04-08 15:19:12,568 INFO 5224 [egg:core] dump config after ready, 5ms
2019-04-08 15:19:39,253 INFO 9828 [egg:logger] init all loggers with options: {"dir":"D:\\project\\egg-example\\logs\\egg-example","encoding":"utf8","env":"local","level":"INFO","consoleLevel":"INFO","disableConsoleAfterReady":false,"outputJSON":false,"buffer":true,"appLogName":"egg-example-web.log","coreLogName":"egg-web.log","agentLogName":"egg-agent.log","errorLogName":"common-error.log","coreLogger":{"consoleLevel":"WARN"},"allowDebugAtProd":false,"type":"application"}
2019-04-08 15:19:39,294 INFO 9828 [egg-multipart] stream mode enable
2019-04-08 15:19:39,361 INFO 9828 [egg-static] starting static serve /public/ -> D:\project\egg-example\app\public
2019-04-08 15:19:39,365 INFO 9828 [egg-security] use csrf middleware
2019-04-08 15:19:39,365 INFO 9828 [egg-security] use methodnoallow middleware
2019-04-08 15:19:39,366 INFO 9828 [egg-security] use noopen middleware
2019-04-08 15:19:39,367 INFO 9828 [egg-security] use nosniff middleware
2019-04-08 15:19:39,367 INFO 9828 [egg-security] use xssProtection middleware
2019-04-08 15:19:39,368 INFO 9828 [egg-security] use xframe middleware
2019-04-08 15:19:39,368 INFO 9828 [egg-security] use dta middleware
2019-04-08 15:19:39,368 INFO 9828 [egg-security] compose 7 middlewares into one security middleware
2019-04-08 15:19:39,378 INFO 9828 [egg:core] dump config after load, 5ms
2019-04-08 15:19:39,390 INFO 9828 [egg-watcher:application] watcher start success
2019-04-08 15:19:39,397 INFO 9828 [egg:core] dump config after ready, 4ms
2019-04-08 15:19:45,542 INFO 9272 [egg:logger] init all loggers with options: {"dir":"D:\\project\\egg-example\\logs\\egg-example","encoding":"utf8","env":"local","level":"INFO","consoleLevel":"INFO","disableConsoleAfterReady":false,"outputJSON":false,"buffer":true,"appLogName":"egg-example-web.log","coreLogName":"egg-web.log","agentLogName":"egg-agent.log","errorLogName":"common-error.log","coreLogger":{"consoleLevel":"WARN"},"allowDebugAtProd":false,"type":"application"}
2019-04-08 15:19:45,582 INFO 9272 [egg-multipart] stream mode enable
2019-04-08 15:19:45,649 INFO 9272 [egg-static] starting static serve /public/ -> D:\project\egg-example\app\public
2019-04-08 15:19:45,652 INFO 9272 [egg-security] use csrf middleware
2019-04-08 15:19:45,652 INFO 9272 [egg-security] use methodnoallow middleware
2019-04-08 15:19:45,653 INFO 9272 [egg-security] use noopen middleware
2019-04-08 15:19:45,654 INFO 9272 [egg-security] use nosniff middleware
2019-04-08 15:19:45,654 INFO 9272 [egg-security] use xssProtection middleware
2019-04-08 15:19:45,655 INFO 9272 [egg-security] use xframe middleware
2019-04-08 15:19:45,655 INFO 9272 [egg-security] use dta middleware
2019-04-08 15:19:45,655 INFO 9272 [egg-security] compose 7 middlewares into one security middleware
2019-04-08 15:19:45,664 INFO 9272 [egg:core] dump config after load, 5ms
2019-04-08 15:19:45,676 INFO 9272 [egg-watcher:application] watcher start success
2019-04-08 15:19:45,682 INFO 9272 [egg:core] dump config after ready, 4ms
2019-04-08 15:19:55,196 INFO 10064 [egg:logger] init all loggers with options: {"dir":"D:\\project\\egg-example\\logs\\egg-example","encoding":"utf8","env":"local","level":"INFO","consoleLevel":"INFO","disableConsoleAfterReady":false,"outputJSON":false,"buffer":true,"appLogName":"egg-example-web.log","coreLogName":"egg-web.log","agentLogName":"egg-agent.log","errorLogName":"common-error.log","coreLogger":{"consoleLevel":"WARN"},"allowDebugAtProd":false,"type":"application"}
2019-04-08 15:19:55,237 INFO 10064 [egg-multipart] stream mode enable
2019-04-08 15:19:55,304 INFO 10064 [egg-static] starting static serve /public/ -> D:\project\egg-example\app\public
2019-04-08 15:19:55,307 INFO 10064 [egg-security] use csrf middleware
2019-04-08 15:19:55,308 INFO 10064 [egg-security] use methodnoallow middleware
2019-04-08 15:19:55,308 INFO 10064 [egg-security] use noopen middleware
2019-04-08 15:19:55,309 INFO 10064 [egg-security] use nosniff middleware
2019-04-08 15:19:55,309 INFO 10064 [egg-security] use xssProtection middleware
2019-04-08 15:19:55,310 INFO 10064 [egg-security] use xframe middleware
2019-04-08 15:19:55,310 INFO 10064 [egg-security] use dta middleware
2019-04-08 15:19:55,310 INFO 10064 [egg-security] compose 7 middlewares into one security middleware
2019-04-08 15:19:55,320 INFO 10064 [egg:core] dump config after load, 5ms
2019-04-08 15:19:55,331 INFO 10064 [egg-watcher:application] watcher start success
2019-04-08 15:19:55,337 INFO 10064 [egg:core] dump config after ready, 4ms
2019-04-08 15:20:30,258 INFO 4560 [egg:logger] init all loggers with options: {"dir":"D:\\project\\egg-example\\logs\\egg-example","encoding":"utf8","env":"local","level":"INFO","consoleLevel":"INFO","disableConsoleAfterReady":false,"outputJSON":false,"buffer":true,"appLogName":"egg-example-web.log","coreLogName":"egg-web.log","agentLogName":"egg-agent.log","errorLogName":"common-error.log","coreLogger":{"consoleLevel":"WARN"},"allowDebugAtProd":false,"type":"application"}
2019-04-08 15:20:30,300 INFO 4560 [egg-multipart] stream mode enable
2019-04-08 15:20:30,367 INFO 4560 [egg-static] starting static serve /public/ -> D:\project\egg-example\app\public
2019-04-08 15:20:30,370 INFO 4560 [egg-security] use csrf middleware
2019-04-08 15:20:30,371 INFO 4560 [egg-security] use methodnoallow middleware
2019-04-08 15:20:30,371 INFO 4560 [egg-security] use noopen middleware
2019-04-08 15:20:30,372 INFO 4560 [egg-security] use nosniff middleware
2019-04-08 15:20:30,373 INFO 4560 [egg-security] use xssProtection middleware
2019-04-08 15:20:30,373 INFO 4560 [egg-security] use xframe middleware
2019-04-08 15:20:30,373 INFO 4560 [egg-security] use dta middleware
2019-04-08 15:20:30,373 INFO 4560 [egg-security] compose 7 middlewares into one security middleware
2019-04-08 15:20:30,383 INFO 4560 [egg:core] dump config after load, 5ms
2019-04-08 15:20:30,394 INFO 4560 [egg-watcher:application] watcher start success
2019-04-08 15:20:30,400 INFO 4560 [egg:core] dump config after ready, 4ms
2019-04-09 10:38:18,171 INFO 9052 [egg:logger] init all loggers with options: {"dir":"D:\\project\\egg-example\\logs\\egg-example","encoding":"utf8","env":"local","level":"INFO","consoleLevel":"INFO","disableConsoleAfterReady":false,"outputJSON":false,"buffer":true,"appLogName":"egg-example-web.log","coreLogName":"egg-web.log","agentLogName":"egg-agent.log","errorLogName":"common-error.log","coreLogger":{"consoleLevel":"WARN"},"allowDebugAtProd":false,"type":"application"}
2019-04-09 10:38:18,212 INFO 9052 [egg-multipart] stream mode enable
2019-04-09 10:38:18,316 INFO 9052 [egg-static] starting static serve /public/ -> D:\project\egg-example\app\public
2019-04-09 10:38:18,320 INFO 9052 [egg-security] use csrf middleware
2019-04-09 10:38:18,321 INFO 9052 [egg-security] use methodnoallow middleware
2019-04-09 10:38:18,321 INFO 9052 [egg-security] use noopen middleware
2019-04-09 10:38:18,322 INFO 9052 [egg-security] use nosniff middleware
2019-04-09 10:38:18,323 INFO 9052 [egg-security] use xssProtection middleware
2019-04-09 10:38:18,323 INFO 9052 [egg-security] use xframe middleware
2019-04-09 10:38:18,324 INFO 9052 [egg-security] use dta middleware
2019-04-09 10:38:18,324 INFO 9052 [egg-security] compose 7 middlewares into one security middleware
2019-04-09 10:38:18,334 INFO 9052 [egg:core] dump config after load, 6ms
2019-04-09 10:38:18,349 INFO 9052 [egg-watcher:application] watcher start success
2019-04-09 10:38:18,355 INFO 9052 [egg:core] dump config after ready, 4ms
2019-04-09 12:54:03,537 WARN 9052 [TCPBase] socket is closed by other side while there were still unhandled data in the socket buffer
2019-04-09 12:54:03,547 WARN 9052 [ClusterClient:Watcher] follower closed, and try to init it again
2019-04-10 13:34:58,540 INFO 8788 [egg:logger] init all loggers with options: {"dir":"D:\\project\\egg-example\\logs\\egg-example","encoding":"utf8","env":"local","level":"INFO","consoleLevel":"INFO","disableConsoleAfterReady":false,"outputJSON":false,"buffer":true,"appLogName":"egg-example-web.log","coreLogName":"egg-web.log","agentLogName":"egg-agent.log","errorLogName":"common-error.log","coreLogger":{"consoleLevel":"WARN"},"allowDebugAtProd":false,"type":"application"}
2019-04-10 13:34:58,579 INFO 8788 [egg-multipart] stream mode enable
2019-04-10 13:34:58,679 INFO 8788 [egg-static] starting static serve /public/ -> D:\project\egg-example\app\public
2019-04-10 13:34:58,682 INFO 8788 [egg-security] use csrf middleware
2019-04-10 13:34:58,683 INFO 8788 [egg-security] use methodnoallow middleware
2019-04-10 13:34:58,683 INFO 8788 [egg-security] use noopen middleware
2019-04-10 13:34:58,684 INFO 8788 [egg-security] use nosniff middleware
2019-04-10 13:34:58,684 INFO 8788 [egg-security] use xssProtection middleware
2019-04-10 13:34:58,685 INFO 8788 [egg-security] use xframe middleware
2019-04-10 13:34:58,685 INFO 8788 [egg-security] use dta middleware
2019-04-10 13:34:58,685 INFO 8788 [egg-security] compose 7 middlewares into one security middleware
2019-04-10 13:34:58,695 INFO 8788 [egg:core] dump config after load, 6ms
2019-04-10 13:34:58,710 INFO 8788 [egg-watcher:application] watcher start success
2019-04-10 13:34:58,716 INFO 8788 [egg:core] dump config after ready, 4ms
2019-04-10 13:36:11,247 INFO 7536 [egg:logger] init all loggers with options: {"dir":"D:\\project\\egg-example\\logs\\egg-example","encoding":"utf8","env":"local","level":"INFO","consoleLevel":"INFO","disableConsoleAfterReady":false,"outputJSON":false,"buffer":true,"appLogName":"egg-example-web.log","coreLogName":"egg-web.log","agentLogName":"egg-agent.log","errorLogName":"common-error.log","coreLogger":{"consoleLevel":"WARN"},"allowDebugAtProd":false,"type":"application"}
2019-04-10 13:36:11,287 INFO 7536 [egg-multipart] stream mode enable
2019-04-10 13:36:11,352 INFO 7536 [egg-static] starting static serve /public/ -> D:\project\egg-example\app\public
2019-04-10 13:36:11,356 INFO 7536 [egg-security] use csrf middleware
2019-04-10 13:36:11,356 INFO 7536 [egg-security] use methodnoallow middleware
2019-04-10 13:36:11,357 INFO 7536 [egg-security] use noopen middleware
2019-04-10 13:36:11,358 INFO 7536 [egg-security] use nosniff middleware
2019-04-10 13:36:11,358 INFO 7536 [egg-security] use xssProtection middleware
2019-04-10 13:36:11,358 INFO 7536 [egg-security] use xframe middleware
2019-04-10 13:36:11,359 INFO 7536 [egg-security] use dta middleware
2019-04-10 13:36:11,359 INFO 7536 [egg-security] compose 7 middlewares into one security middleware
2019-04-10 13:36:11,368 INFO 7536 [egg:core] dump config after load, 5ms
2019-04-10 13:36:11,380 INFO 7536 [egg-watcher:application] watcher start success
2019-04-10 13:36:11,386 INFO 7536 [egg:core] dump config after ready, 4ms
2019-04-10 13:37:18,209 INFO 8012 [egg:logger] init all loggers with options: {"dir":"D:\\project\\egg-example\\logs\\egg-example","encoding":"utf8","env":"local","level":"INFO","consoleLevel":"INFO","disableConsoleAfterReady":false,"outputJSON":false,"buffer":true,"appLogName":"egg-example-web.log","coreLogName":"egg-web.log","agentLogName":"egg-agent.log","errorLogName":"common-error.log","coreLogger":{"consoleLevel":"WARN"},"allowDebugAtProd":false,"type":"application"}
2019-04-10 13:37:18,249 INFO 8012 [egg-multipart] stream mode enable
2019-04-10 13:37:18,315 INFO 8012 [egg-static] starting static serve /public/ -> D:\project\egg-example\app\public
2019-04-10 13:37:18,318 INFO 8012 [egg-security] use csrf middleware
2019-04-10 13:37:18,319 INFO 8012 [egg-security] use methodnoallow middleware
2019-04-10 13:37:18,319 INFO 8012 [egg-security] use noopen middleware
2019-04-10 13:37:18,320 INFO 8012 [egg-security] use nosniff middleware
2019-04-10 13:37:18,320 INFO 8012 [egg-security] use xssProtection middleware
2019-04-10 13:37:18,321 INFO 8012 [egg-security] use xframe middleware
2019-04-10 13:37:18,321 INFO 8012 [egg-security] use dta middleware
2019-04-10 13:37:18,321 INFO 8012 [egg-security] compose 7 middlewares into one security middleware
2019-04-10 13:37:18,331 INFO 8012 [egg:core] dump config after load, 6ms
2019-04-10 13:37:18,341 INFO 8012 [egg-watcher:application] watcher start success
2019-04-10 13:37:18,347 INFO 8012 [egg:core] dump config after ready, 4ms
2019-04-11 10:23:25,544 INFO 9708 [egg:logger] init all loggers with options: {"dir":"D:\\project\\egg-example\\logs\\egg-example","encoding":"utf8","env":"local","level":"INFO","consoleLevel":"INFO","disableConsoleAfterReady":false,"outputJSON":false,"buffer":true,"appLogName":"egg-example-web.log","coreLogName":"egg-web.log","agentLogName":"egg-agent.log","errorLogName":"common-error.log","coreLogger":{"consoleLevel":"WARN"},"allowDebugAtProd":false,"type":"application"}
2019-04-11 10:23:25,588 INFO 9708 [egg-multipart] stream mode enable
2019-04-11 10:23:25,708 INFO 9708 [egg-static] starting static serve /public/ -> D:\project\egg-example\app\public
2019-04-11 10:23:25,712 INFO 9708 [egg-security] use csrf middleware
2019-04-11 10:23:25,713 INFO 9708 [egg-security] use methodnoallow middleware
2019-04-11 10:23:25,714 INFO 9708 [egg-security] use noopen middleware
2019-04-11 10:23:25,715 INFO 9708 [egg-security] use nosniff middleware
2019-04-11 10:23:25,715 INFO 9708 [egg-security] use xssProtection middleware
2019-04-11 10:23:25,716 INFO 9708 [egg-security] use xframe middleware
2019-04-11 10:23:25,716 INFO 9708 [egg-security] use dta middleware
2019-04-11 10:23:25,717 INFO 9708 [egg-security] compose 7 middlewares into one security middleware
2019-04-11 10:23:25,731 INFO 9708 [egg:core] dump config after load, 10ms
2019-04-11 10:23:25,745 INFO 9708 [egg-watcher:application] watcher start success
2019-04-11 10:23:25,758 INFO 9708 [egg:core] dump config after ready, 10ms
2019-04-11 12:54:14,579 WARN 9708 [ClusterClient:Watcher] follower closed, and try to init it again
2019-04-11 16:28:05,891 INFO 10900 [egg:logger] init all loggers with options: {"dir":"D:\\project\\egg-example\\logs\\egg-example","encoding":"utf8","env":"local","level":"INFO","consoleLevel":"INFO","disableConsoleAfterReady":false,"outputJSON":false,"buffer":true,"appLogName":"egg-example-web.log","coreLogName":"egg-web.log","agentLogName":"egg-agent.log","errorLogName":"common-error.log","coreLogger":{"consoleLevel":"WARN"},"allowDebugAtProd":false,"type":"application"}
2019-04-11 16:28:05,946 INFO 10900 [egg-multipart] stream mode enable
2019-04-11 16:28:06,033 INFO 10900 [egg-static] starting static serve /public/ -> D:\project\egg-example\app\public
2019-04-11 16:28:06,036 INFO 10900 [egg-security] use csrf middleware
2019-04-11 16:28:06,037 INFO 10900 [egg-security] use methodnoallow middleware
2019-04-11 16:28:06,038 INFO 10900 [egg-security] use noopen middleware
2019-04-11 16:28:06,039 INFO 10900 [egg-security] use nosniff middleware
2019-04-11 16:28:06,040 INFO 10900 [egg-security] use xssProtection middleware
2019-04-11 16:28:06,040 INFO 10900 [egg-security] use xframe middleware
2019-04-11 16:28:06,041 INFO 10900 [egg-security] use dta middleware
2019-04-11 16:28:06,041 INFO 10900 [egg-security] compose 7 middlewares into one security middleware
2019-04-11 16:28:06,051 INFO 10900 [egg:core] dump config after load, 5ms
2019-04-11 16:28:06,062 INFO 10900 [egg-watcher:application] watcher start success
2019-04-11 16:28:06,069 INFO 10900 [egg:core] dump config after ready, 5ms
2019-04-11 16:28:40,637 INFO 10996 [egg:logger] init all loggers with options: {"dir":"D:\\project\\egg-example\\logs\\egg-example","encoding":"utf8","env":"local","level":"INFO","consoleLevel":"INFO","disableConsoleAfterReady":false,"outputJSON":false,"buffer":true,"appLogName":"egg-example-web.log","coreLogName":"egg-web.log","agentLogName":"egg-agent.log","errorLogName":"common-error.log","coreLogger":{"consoleLevel":"WARN"},"allowDebugAtProd":false,"type":"application"}
2019-04-11 16:28:40,683 INFO 10996 [egg-multipart] stream mode enable
2019-04-11 16:28:40,775 INFO 10996 [egg-static] starting static serve /public/ -> D:\project\egg-example\app\public
2019-04-11 16:28:40,779 INFO 10996 [egg-security] use csrf middleware
2019-04-11 16:28:40,780 INFO 10996 [egg-security] use methodnoallow middleware
2019-04-11 16:28:40,780 INFO 10996 [egg-security] use noopen middleware
2019-04-11 16:28:40,781 INFO 10996 [egg-security] use nosniff middleware
2019-04-11 16:28:40,782 INFO 10996 [egg-security] use xssProtection middleware
2019-04-11 16:28:40,782 INFO 10996 [egg-security] use xframe middleware
2019-04-11 16:28:40,783 INFO 10996 [egg-security] use dta middleware
2019-04-11 16:28:40,783 INFO 10996 [egg-security] compose 7 middlewares into one security middleware
2019-04-11 16:28:40,793 INFO 10996 [egg:core] dump config after load, 5ms
2019-04-11 16:28:40,807 INFO 10996 [egg-watcher:application] watcher start success
2019-04-11 16:28:40,831 INFO 10996 [egg:core] dump config after ready, 5ms
2019-04-11 16:29:10,433 INFO 10880 [egg:logger] init all loggers with options: {"dir":"D:\\project\\egg-example\\logs\\egg-example","encoding":"utf8","env":"local","level":"INFO","consoleLevel":"INFO","disableConsoleAfterReady":false,"outputJSON":false,"buffer":true,"appLogName":"egg-example-web.log","coreLogName":"egg-web.log","agentLogName":"egg-agent.log","errorLogName":"common-error.log","coreLogger":{"consoleLevel":"WARN"},"allowDebugAtProd":false,"type":"application"}
2019-04-11 16:29:10,487 INFO 10880 [egg-multipart] stream mode enable
2019-04-11 16:29:10,582 INFO 10880 [egg-static] starting static serve /public/ -> D:\project\egg-example\app\public
2019-04-11 16:29:10,586 INFO 10880 [egg-security] use csrf middleware
2019-04-11 16:29:10,587 INFO 10880 [egg-security] use methodnoallow middleware
2019-04-11 16:29:10,588 INFO 10880 [egg-security] use noopen middleware
2019-04-11 16:29:10,589 INFO 10880 [egg-security] use nosniff middleware
2019-04-11 16:29:10,589 INFO 10880 [egg-security] use xssProtection middleware
2019-04-11 16:29:10,590 INFO 10880 [egg-security] use xframe middleware
2019-04-11 16:29:10,590 INFO 10880 [egg-security] use dta middleware
2019-04-11 16:29:10,590 INFO 10880 [egg-security] compose 7 middlewares into one security middleware
2019-04-11 16:29:10,600 INFO 10880 [egg:core] dump config after load, 5ms
2019-04-11 16:29:10,614 INFO 10880 [egg-watcher:application] watcher start success
2019-04-11 16:29:10,638 INFO 10880 [egg:core] dump config after ready, 5ms
2019-04-11 16:29:16,220 INFO 8440 [egg:logger] init all loggers with options: {"dir":"D:\\project\\egg-example\\logs\\egg-example","encoding":"utf8","env":"local","level":"INFO","consoleLevel":"INFO","disableConsoleAfterReady":false,"outputJSON":false,"buffer":true,"appLogName":"egg-example-web.log","coreLogName":"egg-web.log","agentLogName":"egg-agent.log","errorLogName":"common-error.log","coreLogger":{"consoleLevel":"WARN"},"allowDebugAtProd":false,"type":"application"}
2019-04-11 16:29:16,267 INFO 8440 [egg-multipart] stream mode enable
2019-04-11 16:29:16,358 INFO 8440 [egg-static] starting static serve /public/ -> D:\project\egg-example\app\public
2019-04-11 16:29:16,362 INFO 8440 [egg-security] use csrf middleware
2019-04-11 16:29:16,363 INFO 8440 [egg-security] use methodnoallow middleware
2019-04-11 16:29:16,363 INFO 8440 [egg-security] use noopen middleware
2019-04-11 16:29:16,364 INFO 8440 [egg-security] use nosniff middleware
2019-04-11 16:29:16,365 INFO 8440 [egg-security] use xssProtection middleware
2019-04-11 16:29:16,365 INFO 8440 [egg-security] use xframe middleware
2019-04-11 16:29:16,366 INFO 8440 [egg-security] use dta middleware
2019-04-11 16:29:16,366 INFO 8440 [egg-security] compose 7 middlewares into one security middleware
2019-04-11 16:29:16,375 INFO 8440 [egg:core] dump config after load, 5ms
2019-04-11 16:29:16,388 INFO 8440 [egg-watcher:application] watcher start success
2019-04-11 16:29:16,413 INFO 8440 [egg:core] dump config after ready, 5ms
2019-04-11 16:29:21,467 INFO 10952 [egg:logger] init all loggers with options: {"dir":"D:\\project\\egg-example\\logs\\egg-example","encoding":"utf8","env":"local","level":"INFO","consoleLevel":"INFO","disableConsoleAfterReady":false,"outputJSON":false,"buffer":true,"appLogName":"egg-example-web.log","coreLogName":"egg-web.log","agentLogName":"egg-agent.log","errorLogName":"common-error.log","coreLogger":{"consoleLevel":"WARN"},"allowDebugAtProd":false,"type":"application"}
2019-04-11 16:29:21,513 INFO 10952 [egg-multipart] stream mode enable
2019-04-11 16:29:21,604 INFO 10952 [egg-static] starting static serve /public/ -> D:\project\egg-example\app\public
2019-04-11 16:29:21,607 INFO 10952 [egg-security] use csrf middleware
2019-04-11 16:29:21,608 INFO 10952 [egg-security] use methodnoallow middleware
2019-04-11 16:29:21,609 INFO 10952 [egg-security] use noopen middleware
2019-04-11 16:29:21,610 INFO 10952 [egg-security] use nosniff middleware
2019-04-11 16:29:21,610 INFO 10952 [egg-security] use xssProtection middleware
2019-04-11 16:29:21,611 INFO 10952 [egg-security] use xframe middleware
2019-04-11 16:29:21,611 INFO 10952 [egg-security] use dta middleware
2019-04-11 16:29:21,611 INFO 10952 [egg-security] compose 7 middlewares into one security middleware
2019-04-11 16:29:21,621 INFO 10952 [egg:core] dump config after load, 5ms
2019-04-11 16:29:21,634 INFO 10952 [egg-watcher:application] watcher start success
2019-04-11 16:29:21,658 INFO 10952 [egg:core] dump config after ready, 4ms
2019-04-11 16:29:33,502 INFO 8092 [egg:logger] init all loggers with options: {"dir":"D:\\project\\egg-example\\logs\\egg-example","encoding":"utf8","env":"local","level":"INFO","consoleLevel":"INFO","disableConsoleAfterReady":false,"outputJSON":false,"buffer":true,"appLogName":"egg-example-web.log","coreLogName":"egg-web.log","agentLogName":"egg-agent.log","errorLogName":"common-error.log","coreLogger":{"consoleLevel":"WARN"},"allowDebugAtProd":false,"type":"application"}
2019-04-11 16:29:33,547 INFO 8092 [egg-multipart] stream mode enable
2019-04-11 16:29:33,638 INFO 8092 [egg-static] starting static serve /public/ -> D:\project\egg-example\app\public
2019-04-11 16:29:33,642 INFO 8092 [egg-security] use csrf middleware
2019-04-11 16:29:33,643 INFO 8092 [egg-security] use methodnoallow middleware
2019-04-11 16:29:33,643 INFO 8092 [egg-security] use noopen middleware
2019-04-11 16:29:33,644 INFO 8092 [egg-security] use nosniff middleware
2019-04-11 16:29:33,645 INFO 8092 [egg-security] use xssProtection middleware
2019-04-11 16:29:33,645 INFO 8092 [egg-security] use xframe middleware
2019-04-11 16:29:33,646 INFO 8092 [egg-security] use dta middleware
2019-04-11 16:29:33,646 INFO 8092 [egg-security] compose 7 middlewares into one security middleware
2019-04-11 16:29:33,655 INFO 8092 [egg:core] dump config after load, 5ms
2019-04-11 16:29:33,673 INFO 8092 [egg-watcher:application] watcher start success
2019-04-11 16:29:33,698 INFO 8092 [egg:core] dump config after ready, 5ms
2019-04-11 16:30:10,239 INFO 4436 [egg:logger] init all loggers with options: {"dir":"D:\\project\\egg-example\\logs\\egg-example","encoding":"utf8","env":"local","level":"INFO","consoleLevel":"INFO","disableConsoleAfterReady":false,"outputJSON":false,"buffer":true,"appLogName":"egg-example-web.log","coreLogName":"egg-web.log","agentLogName":"egg-agent.log","errorLogName":"common-error.log","coreLogger":{"consoleLevel":"WARN"},"allowDebugAtProd":false,"type":"application"}
2019-04-11 16:30:10,287 INFO 4436 [egg-multipart] stream mode enable
2019-04-11 16:30:10,380 INFO 4436 [egg-static] starting static serve /public/ -> D:\project\egg-example\app\public
2019-04-11 16:30:10,384 INFO 4436 [egg-security] use csrf middleware
2019-04-11 16:30:10,385 INFO 4436 [egg-security] use methodnoallow middleware
2019-04-11 16:30:10,385 INFO 4436 [egg-security] use noopen middleware
2019-04-11 16:30:10,386 INFO 4436 [egg-security] use nosniff middleware
2019-04-11 16:30:10,387 INFO 4436 [egg-security] use xssProtection middleware
2019-04-11 16:30:10,387 INFO 4436 [egg-security] use xframe middleware
2019-04-11 16:30:10,388 INFO 4436 [egg-security] use dta middleware
2019-04-11 16:30:10,388 INFO 4436 [egg-security] compose 7 middlewares into one security middleware
2019-04-11 16:30:10,398 INFO 4436 [egg:core] dump config after load, 6ms
2019-04-11 16:30:10,412 INFO 4436 [egg-watcher:application] watcher start success
2019-04-11 16:30:10,436 INFO 4436 [egg:core] dump config after ready, 5ms
2019-04-11 16:37:14,598 INFO 11144 [egg:logger] init all loggers with options: {"dir":"D:\\project\\egg-example\\logs\\egg-example","encoding":"utf8","env":"local","level":"INFO","consoleLevel":"INFO","disableConsoleAfterReady":false,"outputJSON":false,"buffer":true,"appLogName":"egg-example-web.log","coreLogName":"egg-web.log","agentLogName":"egg-agent.log","errorLogName":"common-error.log","coreLogger":{"consoleLevel":"WARN"},"allowDebugAtProd":false,"type":"application"}
2019-04-11 16:37:14,646 INFO 11144 [egg-multipart] stream mode enable
2019-04-11 16:37:14,738 INFO 11144 [egg-static] starting static serve /public/ -> D:\project\egg-example\app\public
2019-04-11 16:37:14,742 INFO 11144 [egg-security] use csrf middleware
2019-04-11 16:37:14,743 INFO 11144 [egg-security] use methodnoallow middleware
2019-04-11 16:37:14,744 INFO 11144 [egg-security] use noopen middleware
2019-04-11 16:37:14,745 INFO 11144 [egg-security] use nosniff middleware
2019-04-11 16:37:14,746 INFO 11144 [egg-security] use xssProtection middleware
2019-04-11 16:37:14,746 INFO 11144 [egg-security] use xframe middleware
2019-04-11 16:37:14,747 INFO 11144 [egg-security] use dta middleware
2019-04-11 16:37:14,747 INFO 11144 [egg-security] compose 7 middlewares into one security middleware
2019-04-11 16:37:14,756 INFO 11144 [egg:core] dump config after load, 5ms
2019-04-11 16:37:14,770 INFO 11144 [egg-watcher:application] watcher start success
2019-04-11 16:37:14,796 INFO 11144 [egg:core] dump config after ready, 5ms
2019-04-11 16:37:32,222 INFO 10776 [egg:logger] init all loggers with options: {"dir":"D:\\project\\egg-example\\logs\\egg-example","encoding":"utf8","env":"local","level":"INFO","consoleLevel":"INFO","disableConsoleAfterReady":false,"outputJSON":false,"buffer":true,"appLogName":"egg-example-web.log","coreLogName":"egg-web.log","agentLogName":"egg-agent.log","errorLogName":"common-error.log","coreLogger":{"consoleLevel":"WARN"},"allowDebugAtProd":false,"type":"application"}
2019-04-11 16:37:32,272 INFO 10776 [egg-multipart] stream mode enable
2019-04-11 16:37:32,371 INFO 10776 [egg-static] starting static serve /public/ -> D:\project\egg-example\app\public
2019-04-11 16:37:32,376 INFO 10776 [egg-security] use csrf middleware
2019-04-11 16:37:32,377 INFO 10776 [egg-security] use methodnoallow middleware
2019-04-11 16:37:32,378 INFO 10776 [egg-security] use noopen middleware
2019-04-11 16:37:32,379 INFO 10776 [egg-security] use nosniff middleware
2019-04-11 16:37:32,379 INFO 10776 [egg-security] use xssProtection middleware
2019-04-11 16:37:32,380 INFO 10776 [egg-security] use xframe middleware
2019-04-11 16:37:32,380 INFO 10776 [egg-security] use dta middleware
2019-04-11 16:37:32,380 INFO 10776 [egg-security] compose 7 middlewares into one security middleware
2019-04-11 16:37:32,391 INFO 10776 [egg:core] dump config after load, 5ms
2019-04-11 16:37:32,404 INFO 10776 [egg-watcher:application] watcher start success
2019-04-11 16:37:32,430 INFO 10776 [egg:core] dump config after ready, 5ms
2019-04-11 16:39:59,193 INFO 9828 [egg:logger] init all loggers with options: {"dir":"D:\\project\\egg-example\\logs\\egg-example","encoding":"utf8","env":"local","level":"INFO","consoleLevel":"INFO","disableConsoleAfterReady":false,"outputJSON":false,"buffer":true,"appLogName":"egg-example-web.log","coreLogName":"egg-web.log","agentLogName":"egg-agent.log","errorLogName":"common-error.log","coreLogger":{"consoleLevel":"WARN"},"allowDebugAtProd":false,"type":"application"}
2019-04-11 16:39:59,241 INFO 9828 [egg-multipart] stream mode enable
2019-04-11 16:39:59,337 INFO 9828 [egg-static] starting static serve /public/ -> D:\project\egg-example\app\public
2019-04-11 16:39:59,341 INFO 9828 [egg-security] use csrf middleware
2019-04-11 16:39:59,342 INFO 9828 [egg-security] use methodnoallow middleware
2019-04-11 16:39:59,342 INFO 9828 [egg-security] use noopen middleware
2019-04-11 16:39:59,343 INFO 9828 [egg-security] use nosniff middleware
2019-04-11 16:39:59,344 INFO 9828 [egg-security] use xssProtection middleware
2019-04-11 16:39:59,344 INFO 9828 [egg-security] use xframe middleware
2019-04-11 16:39:59,345 INFO 9828 [egg-security] use dta middleware
2019-04-11 16:39:59,345 INFO 9828 [egg-security] compose 7 middlewares into one security middleware
2019-04-11 16:39:59,354 INFO 9828 [egg:core] dump config after load, 5ms
2019-04-11 16:39:59,370 INFO 9828 [egg-watcher:application] watcher start success
2019-04-11 16:39:59,394 INFO 9828 [egg:core] dump config after ready, 5ms
2019-04-11 16:40:28,015 INFO 296 [egg:logger] init all loggers with options: {"dir":"D:\\project\\egg-example\\logs\\egg-example","encoding":"utf8","env":"local","level":"INFO","consoleLevel":"INFO","disableConsoleAfterReady":false,"outputJSON":false,"buffer":true,"appLogName":"egg-example-web.log","coreLogName":"egg-web.log","agentLogName":"egg-agent.log","errorLogName":"common-error.log","coreLogger":{"consoleLevel":"WARN"},"allowDebugAtProd":false,"type":"application"}
2019-04-11 16:40:28,062 INFO 296 [egg-multipart] stream mode enable
2019-04-11 16:40:28,152 INFO 296 [egg-static] starting static serve /public/ -> D:\project\egg-example\app\public
2019-04-11 16:40:28,156 INFO 296 [egg-security] use csrf middleware
2019-04-11 16:40:28,157 INFO 296 [egg-security] use methodnoallow middleware
2019-04-11 16:40:28,158 INFO 296 [egg-security] use noopen middleware
2019-04-11 16:40:28,159 INFO 296 [egg-security] use nosniff middleware
2019-04-11 16:40:28,160 INFO 296 [egg-security] use xssProtection middleware
2019-04-11 16:40:28,160 INFO 296 [egg-security] use xframe middleware
2019-04-11 16:40:28,161 INFO 296 [egg-security] use dta middleware
2019-04-11 16:40:28,161 INFO 296 [egg-security] compose 7 middlewares into one security middleware
2019-04-11 16:40:28,171 INFO 296 [egg:core] dump config after load, 6ms
2019-04-11 16:40:28,186 INFO 296 [egg-watcher:application] watcher start success
2019-04-11 16:40:28,210 INFO 296 [egg:core] dump config after ready, 4ms
2019-04-11 16:40:34,937 INFO 9404 [egg:logger] init all loggers with options: {"dir":"D:\\project\\egg-example\\logs\\egg-example","encoding":"utf8","env":"local","level":"INFO","consoleLevel":"INFO","disableConsoleAfterReady":false,"outputJSON":false,"buffer":true,"appLogName":"egg-example-web.log","coreLogName":"egg-web.log","agentLogName":"egg-agent.log","errorLogName":"common-error.log","coreLogger":{"consoleLevel":"WARN"},"allowDebugAtProd":false,"type":"application"}
2019-04-11 16:40:34,985 INFO 9404 [egg-multipart] stream mode enable
2019-04-11 16:40:35,078 INFO 9404 [egg-static] starting static serve /public/ -> D:\project\egg-example\app\public
2019-04-11 16:40:35,081 INFO 9404 [egg-security] use csrf middleware
2019-04-11 16:40:35,083 INFO 9404 [egg-security] use methodnoallow middleware
2019-04-11 16:40:35,083 INFO 9404 [egg-security] use noopen middleware
2019-04-11 16:40:35,084 INFO 9404 [egg-security] use nosniff middleware
2019-04-11 16:40:35,085 INFO 9404 [egg-security] use xssProtection middleware
2019-04-11 16:40:35,085 INFO 9404 [egg-security] use xframe middleware
2019-04-11 16:40:35,086 INFO 9404 [egg-security] use dta middleware
2019-04-11 16:40:35,086 INFO 9404 [egg-security] compose 7 middlewares into one security middleware
2019-04-11 16:40:35,096 INFO 9404 [egg:core] dump config after load, 6ms
2019-04-11 16:40:35,116 INFO 9404 [egg-watcher:application] watcher start success
2019-04-11 16:40:35,144 INFO 9404 [egg:core] dump config after ready, 5ms
